0 verbose cli E:\Program Files\nodejs\node.exe E:\Program Files\nodejs\node_modules\npm\bin\npm-cli.js
0 verbose cli E:\Program Files\nodejs\node.exe E:\Program Files\nodejs\node_modules\npm\bin\npm-cli.js
1 info using npm@11.9.0
1 info using npm@11.9.0
2 info using node@v24.14.0
3 silly config load:file:E:\Program Files\nodejs\node_modules\npm\npmrc
4 silly config load:file:C:\Users\luoch\AppData\Local\Microsoft\TypeScript\5.9\.npmrc
2 info using node@v24.14.0
5 silly config load:file:C:\Users\luoch\.npmrc
3 silly config load:file:E:\Program Files\nodejs\node_modules\npm\npmrc
6 silly config load:file:E:\Program Files\nodejs\node_global\etc\npmrc
4 silly config load:file:E:\stock\frontend\.npmrc
5 silly config load:file:C:\Users\luoch\.npmrc
6 silly config load:file:E:\Program Files\nodejs\node_global\etc\npmrc
7 verbose title npm install types-registry@latest
7 verbose title npm run dev
8 verbose argv "run" "dev"
8 verbose argv "install" "--ignore-scripts" "types-registry@latest"
9 verbose logfile logs-max:10 dir:E:\stock\frontend\.npm-cache\_logs\2026-04-14T00_03_45_669Z-
9 verbose logfile logs-max:10 dir:E:\stock\frontend\.npm-cache\_logs\2026-04-14T00_03_45_669Z-
10 verbose logfile E:\stock\frontend\.npm-cache\_logs\2026-04-14T00_03_45_669Z-debug-0.log
10 verbose logfile E:\stock\frontend\.npm-cache\_logs\2026-04-14T00_03_45_669Z-debug-0.log
11 silly logfile start cleaning logs, removing 1 files
12 silly logfile done cleaning log files
11 silly logfile start cleaning logs, removing 1 files
12 silly logfile done cleaning log files
13 silly packumentCache heap:4496293888 maxSize:1124073472 maxEntrySize:562036736
14 silly packumentCache corgi:https://registry.npmjs.org/types-registry cache-miss
15 http fetch GET 200 https://registry.npmjs.org/types-registry 1464ms (cache updated)
16 silly packumentCache corgi:https://registry.npmjs.org/types-registry set size:undefined disposed:false
17 silly idealTree buildDeps
18 silly fetch manifest types-registry@0.1.765
19 silly packumentCache full:https://registry.npmjs.org/types-registry cache-miss
20 http fetch GET 200 https://registry.npmjs.org/types-registry 454ms (cache updated)
21 silly packumentCache full:https://registry.npmjs.org/types-registry set size:undefined disposed:false
22 silly placeDep ROOT types-registry@0.1.765 REPLACE for:  want: 0.1.765
23 silly reify mark retired [
23 silly reify   'C:\\Users\\luoch\\AppData\\Local\\Microsoft\\TypeScript\\5.9\\node_modules\\types-registry'
23 silly reify ]
24 silly reify moves {
24 silly reify   'C:\\Users\\luoch\\AppData\\Local\\Microsoft\\TypeScript\\5.9\\node_modules\\types-registry': 'C:\\Users\\luoch\\AppData\\Local\\Microsoft\\TypeScript\\5.9\\node_modules\\.types-registry-uP88NXck'
24 silly reify }
25 silly audit bulk request {
25 silly audit   '@types/less': [ '3.0.8' ],
25 silly audit   '@types/node': [ '25.6.0' ],
25 silly audit   '@types/react': [ '19.2.14' ],
25 silly audit   '@types/stylus': [ '0.48.43' ],
25 silly audit   csstype: [ '3.2.3' ],
25 silly audit   'undici-types': [ '7.19.2' ],
25 silly audit   'types-registry': [ '0.1.765' ]
25 silly audit }
26 http cache types-registry@https://registry.npmjs.org/types-registry/-/types-registry-0.1.765.tgz 1ms (cache hit)
27 silly tarball no local data for types-registry@https://registry.npmjs.org/types-registry/-/types-registry-0.1.765.tgz. Extracting by manifest.
28 http fetch POST 200 https://registry.npmjs.org/-/npm/v1/security/advisories/bulk 237ms
29 silly audit report {}
30 http fetch GET 200 https://registry.npmjs.org/types-registry/-/types-registry-0.1.765.tgz 684ms (cache miss)
31 silly CHANGE node_modules/types-registry
32 verbose cwd C:\Users\luoch\AppData\Local\Microsoft\TypeScript\5.9
33 verbose os Windows_NT 10.0.26200
34 verbose node v24.14.0
35 verbose npm  v11.9.0
36 verbose exit 0
37 info ok
13 verbose cwd E:\stock\frontend
14 verbose os Windows_NT 10.0.26200
15 verbose node v24.14.0
16 verbose npm  v11.9.0
17 verbose exit 1
18 verbose code 1
